[2025-03-31 14:45:13] __rvm_make
__rvm_make () 
{ 
    \make "$@" || return $?
}
current path: /Users/brianlane/.rvm/src/ruby-3.0.0
PATH=/opt/homebrew/sbin:/opt/homebrew/bin:/usr/local/opt/ruby/bin:/Users/brianlane/.rbenv/shims:/usr/local/bin:/Library/Frameworks/Python.framework/Versions/3.10/bin:/Users/brianlane/.asdf/shims:/usr/local/opt/asdf/libexec/bin:/usr/local/opt/ruby/bin:/Users/brianlane/.rbenv/shims:/usr/local/bin:/Library/Frameworks/Python.framework/Versions/3.10/bin:/usr/local/bin:/System/Cryptexes/App/usr/bin:/usr/bin:/bin:/usr/sbin:/sbin:/var/run/com.apple.security.cryptexd/codex.system/bootstrap/usr/local/bin:/var/run/com.apple.security.cryptexd/codex.system/bootstrap/usr/bin:/var/run/com.apple.security.cryptexd/codex.system/bootstrap/usr/appleinternal/bin:/Library/Apple/usr/bin:/Library/TeX/texbin:/usr/local/go/bin:/Applications/Docker.app/Contents/Resources/bin:/Applications/Docker.app/Contents/Resources/bin:/Users/brianlane/.rvm/bin
command(2): __rvm_make -j10
++ make -j10
	BASERUBY = /usr/local/opt/ruby/bin/ruby --disable=gems
	CC = gcc -fdeclspec
	LD = ld
	LDSHARED = gcc -fdeclspec -dynamiclib
	CFLAGS = -O3 -ggdb3 -Wall -Wextra -Wdeprecated-declarations -Wdivision-by-zero -Wimplicit-function-declaration -Wimplicit-int -Wmisleading-indentation -Wpointer-arith -Wshorten-64-to-32 -Wwrite-strings -Wmissing-noreturn -Wno-cast-function-type -Wno-constant-logical-operand -Wno-long-long -Wno-missing-field-initializers -Wno-overlength-strings -Wno-parentheses-equality -Wno-self-assign -Wno-tautological-compare -Wno-unused-parameter -Wno-unused-value -Wunused-variable -Wextra-tokens -std=gnu99 -fno-common -pipe -m64
	XCFLAGS = -D_FORTIFY_SOURCE=2 -fstack-protector-strong -fno-strict-overflow -fvisibility=hidden -fexcess-precision=standard -DRUBY_EXPORT -I. -I.ext/include/arm64-darwin24 -I./include -I. -I./enc/unicode/12.1.0
	CPPFLAGS = -D_XOPEN_SOURCE -D_DARWIN_C_SOURCE -D_DARWIN_UNLIMITED_SELECT -D_REENTRANT   
	DLDFLAGS = -Wl,-undefined,dynamic_lookup -install_name /Users/brianlane/.rvm/rubies/ruby-3.0.0/lib/libruby.3.0.dylib -compatibility_version 3.0 -current_version 3.0.0  -fstack-protector-strong -framework Security -framework Foundation  -fstack-protector-strong -framework Security -framework Foundation  -m64
	SOLIBS = -lpthread -ldl -lobjc
	LANG = en_US.UTF-8
	LC_ALL = 
	LC_CTYPE = 
	MFLAGS = - --jobserver-fds=4,5 -j
Apple clang version 16.0.0 (clang-1600.0.26.6)
Target: arm64-apple-darwin24.3.0
Thread model: posix
InstalledDir: /Applications/Xcode.app/Contents/Developer/Toolchains/XcodeDefault.xctoolchain/usr/bin
compiling ./main.c
compiling dmydln.c
compiling miniinit.c
compiling dmyext.c
translating probes probes.d
compiling ast.c
compiling bignum.c
compiling class.c
compiling compar.c
compiling compile.c
compiling complex.c
compiling cont.c
. ./vm_opts.h
compiling debug.c
compiling debug_counter.c
compiling dir.c
compiling dln_find.c
compiling encoding.c
compiling enum.c
compiling enumerator.c
compiling error.c
error.c:2210:11: warning: a function declaration without a prototype is deprecated in all versions of C and is treated as a zero-parameter prototype in C2x, conflicting with a previous declaration [-Wdeprecated-non-prototype]
 2210 |     char *strerror();
      |           ^
compiling eval.c
compiling file.c
In file included from eval.c:58:
./eval_jump.c:105:18: warning: passing arguments to a function without a prototype is deprecated in all versions of C and is not supported in C2x [-Wdeprecated-non-prototype]
  105 |         (*endproc.func) (endproc.data);
      |                         ^
compiling gc.c
compiling hash.c
compiling inits.c
compiling io.c
gc.c:4780:9: warning: variable 'moved_slots' set but not used [-Wunused-but-set-variable]
 4780 |     int moved_slots = 0;
      |         ^
1 warning generated.
compiling iseq.c
compiling load.c
compiling marshal.c
In file included from io.c:118:
./ccan/list/list.h:75:9: warning: 'LIST_HEAD' macro redefined [-Wmacro-redefined]
   75 | #define LIST_HEAD(name) \
      |         ^
/Applications/Xcode.app/Contents/Developer/Platforms/MacOSX.platform/Developer/SDKs/MacOSX.sdk/usr/include/sys/queue.h:465:9: note: previous definition is here
  465 | #define LIST_HEAD(name, type)                                           \
      |         ^
1 warning generated.
compiling math.c
compiling memory_view.c
making mjit_config.h
compiling mjit_compile.c
compiling node.c
compiling numeric.c
compiling object.c
compiling pack.c
compiling parse.c
compiling proc.c
parse.c:5897:9: warning: variable 'yynerrs' set but not used [-Wunused-but-set-variable]
 5897 |     int yynerrs;
      |         ^
In file included from parse.y:7843:
defs/keywords:5:30: warning: a function declaration without a prototype is deprecated in all versions of C and is treated as a zero-parameter prototype in C2x, conflicting with a subsequent definition [-Wdeprecated-non-prototype]
    5 | static const struct kwtable *reserved_word(/*const char *, unsigned int*/);
      |                              ^
defs/keywords:162:1: note: conflicting prototype is here
  162 | rb_reserved_word (register const char *str, register size_t len)
      | ^
defs/keywords:6:36: note: expanded from macro 'rb_reserved_word'
    6 | #define rb_reserved_word(str, len) reserved_word(str, len)
      |                                    ^
compiling process.c
compiling ractor.c
ractor.c:2631:10: warning: variable 'pcnt' set but not used [-Wunused-but-set-variable]
 2631 |     int *pcnt = (int *)ptr;
      |          ^
compiling random.c
compiling range.c
compiling rational.c
compiling re.c
1 warning generated.
compiling regcomp.c
1 warning generated.
compiling regenc.c
compiling regerror.c
compiling regexec.c
compiling regparse.c
compiling regsyntax.c
1 warning generated.
compiling ruby.c
compiling scheduler.c
compiling signal.c
compiling sprintf.c
compiling st.c
ruby.c:904:18: warning: variable 'set' set but not used [-Wunused-but-set-variable]
  904 |     unsigned int set = 0U;
      |                  ^
compiling strftime.c
In file included from sprintf.c:997:
./vsnprintf.c:329:21: warning: passing arguments to a function without a prototype is deprecated in all versions of C and is not supported in C2x [-Wdeprecated-non-prototype]
  329 |         err = (*fp->vwrite)(fp, uio);
      |                            ^
./vsnprintf.c:841:23: warning: passing arguments to a function without a prototype is deprecated in all versions of C and is not supported in C2x [-Wdeprecated-non-prototype]
  841 |                                 cp = (*fp->vextra)(fp, sizeof(ulval), &ulval, &fieldsz, sign);
      |                                                   ^
compiling string.c
compiling struct.c
compiling symbol.c
1 warning generated.
compiling thread.c
compiling time.c
compiling transcode.c
compiling transient_heap.c
compiling util.c
compiling variable.c
2 warnings generated.
compiling vm.c
compiling vm_backtrace.c
In file included from vm.c:352:
./vm_insnhelper.c:2561:19: warning: passing arguments to a function without a prototype is deprecated in all versions of C and is not supported in C2x [-Wdeprecated-non-prototype]
 2561 |     return (*func)(recv, rb_ary_new4(argc, argv));
      |                   ^
./vm_insnhelper.c:2568:19: warning: passing arguments to a function without a prototype is deprecated in all versions of C and is not supported in C2x [-Wdeprecated-non-prototype]
 2568 |     return (*func)(argc, argv, recv);
      |                   ^
./vm_insnhelper.c:2702:19: warning: passing arguments to a function without a prototype is deprecated in all versions of C and is not supported in C2x [-Wdeprecated-non-prototype]
 2702 |     return (*func)(recv, rb_ary_new4(argc, argv));
      |                   ^
./vm_insnhelper.c:2708:19: warning: passing arguments to a function without a prototype is deprecated in all versions of C and is not supported in C2x [-Wdeprecated-non-prototype]
 2708 |     return (*func)(argc, argv, recv);
      |                   ^
compiling vm_dump.c
compiling vm_sync.c
compiling vm_trace.c
2 warnings generated.
compiling ./missing/explicit_bzero.c
compiling ./missing/setproctitle.c
compiling ./missing/finite.c
compiling addr2line.c
compiling dmyenc.c
compiling dln.c
compiling localeinit.c
compiling array.c
compiling mjit.c
dln.c:77:7: warning: a function declaration without a prototype is deprecated in all versions of C and is treated as a zero-parameter prototype in C2x, conflicting with a previous declaration [-Wdeprecated-non-prototype]
   77 | char *getenv();
      |       ^
/Applications/Xcode.app/Contents/Developer/Platforms/MacOSX.platform/Developer/SDKs/MacOSX.sdk/usr/include/_stdlib.h:143:7: note: conflicting prototype is here
  143 | char    *getenv(const char *);
      |          ^
1 warning generated.
assembling coroutine/arm64/Context.S
compiling enc/ascii.c
compiling enc/us_ascii.c
compiling enc/unicode.c
compiling enc/utf_8.c
compiling enc/trans/newline.c
./revision.h unchanged
config.status: creating ruby-runner.h
compiling version.c
In file included from enc/unicode.c:177:
./enc/unicode/12.1.0/name2ctype.h:38038:43: warning: a function declaration without a prototype is deprecated in all versions of C and is treated as a zero-parameter prototype in C2x, conflicting with a subsequent definition [-Wdeprecated-non-prototype]
 38038 | static const struct uniname2ctype_struct *uniname2ctype_p(
       |                                           ^
./enc/unicode/12.1.0/name2ctype.h:39913:1: note: conflicting prototype is here
 39913 | uniname2ctype_p (register const char *str, register size_t len)
       | ^
1 warning generated.
4 warnings generated.
linking miniruby
generating arm64-darwin24-fake.rb
generating encdb.h
builtin_binary.inc updated
compiling builtin.c
encdb.h updated
arm64-darwin24-fake.rb updated
./tool/ifchange "--timestamp=.rbconfig.time" rbconfig.rb rbconfig.tmp
rbconfig.rb updated
generating enc.mk
creating verconf.h
building rb_mjit_header.h
./miniruby -I./lib -I. -I.ext/common  ./tool/mjit_tabs.rb "" \
		gcc -E -DMJIT_HEADER -P -dD -O3 -ggdb3 -Wall -Wextra -Wdeprecated-declarations -Wdivision-by-zero -Wimplicit-function-declaration -Wimplicit-int -Wmisleading-indentation -Wpointer-arith -Wshorten-64-to-32 -Wwrite-strings -Wmissing-noreturn -Wno-cast-function-type -Wno-constant-logical-operand -Wno-long-long -Wno-missing-field-initializers -Wno-overlength-strings -Wno-parentheses-equality -Wno-self-assign -Wno-tautological-compare -Wno-unused-parameter -Wno-unused-value -Wunused-variable -Wextra-tokens -std=gnu99 -fno-common -pipe -m64 -D_FORTIFY_SOURCE=2 -fstack-protector-strong -fno-strict-overflow -fvisibility=hidden -fexcess-precision=standard -DRUBY_EXPORT -I. -I.ext/include/arm64-darwin24 -I./include -I. -I./enc/unicode/12.1.0 -D_XOPEN_SOURCE -D_DARWIN_C_SOURCE -D_DARWIN_UNLIMITED_SELECT -D_REENTRANT    ./vm.c -o rb_mjit_header.h.new
verconf.h updated
compiling loadpath.c
making srcs under enc
rb_mjit_header.h updated
building .ext/include/arm64-darwin24/rb_mjit_min_header-3.0.0.h
./miniruby -I./lib -I. -I.ext/common  ./tool/transform_mjit_header.rb "gcc -fdeclspec -m64 -O3 -ggdb3 -Wall -Wextra -Wdeprecated-declarations -Wdivision-by-zero -Wimplicit-function-declaration -Wimplicit-int -Wmisleading-indentation -Wpointer-arith -Wshorten-64-to-32 -Wwrite-strings -Wmissing-noreturn -Wno-cast-function-type -Wno-constant-logical-operand -Wno-long-long -Wno-missing-field-initializers -Wno-overlength-strings -Wno-parentheses-equality -Wno-self-assign -Wno-tautological-compare -Wno-unused-parameter -Wno-unused-value -Wunused-variable -Wextra-tokens -std=gnu99 -fno-common -pipe -m64" rb_mjit_header.h .ext/include/arm64-darwin24/rb_mjit_min_header-3.0.0.h
make[1]: Nothing to be done for `srcs'.
generating transdb.h
linking static-library libruby.3.0-static.a
transdb.h updated
linking shared-library libruby.3.0.dylib
transform_mjit_header: making external definition static inline: rb_vm_lvar_exposed, Init_vm_stack_canary, rb_vm_opt_cfunc_p, rb_find_defined_class_by_owner, rb_vm_rewrite_cref, rb_vm_block_ep_update, rb_vm_cref_new_toplevel, rb_vm_frame_block_handler, rb_vm_cframe_keyword_p, rb_vm_ep_local_ep
transform_mjit_header: making declaration static inline: rb_vm_lvar_exposed, Init_vm_stack_canary, rb_vm_rewrite_cref, rb_vm_frame_block_handler, rb_vm_block_ep_update, rb_vm_ep_local_ep
transform_mjit_header: SKIPPED to transform: __sigbits, isspecial, isrune, isphonogram, isnumber, isideogram, ishexnumber, digittoint, toupper, tolower, toascii, isxdigit, isupper, isspace, ispunct, isprint, islower, isgraph, isdigit, iscntrl, isblank, isalpha, isalnum, __wcwidth, __isctype, __istype, isascii, __sincospi, __sincospif, __sincos, __sincosf, __inline_isnormall, __inline_isnormald, __inline_isnormalf, __inline_signbitl, __inline_signbitd, __inline_signbitf, __inline_isnanl, __inline_isnand, __inline_isnanf, __inline_isinfl, __inline_isinfd, __inline_isinff, __inline_isfinitel, __inline_isfinited, __inline_isfinitef, __darwin_fd_clr, __darwin_fd_set, __darwin_fd_isset, __darwin_check_fd_set, __sputc
ln -sf ../../../.ext/include/arm64-darwin24/rb_mjit_min_header-3.0.0.h include/ruby-3.0.0/arm64-darwin24/rb_mjit_min_header-3.0.0.h
making mjit_build_dir.dylib
generating makefiles ext/configure-ext.mk
making enc
making trans
linking ruby
compiling ./enc/trans/transdb.c
compiling ./enc/encdb.c
compiling ./enc/big5.c
compiling ./enc/trans/big5.c
compiling ./enc/cesu_8.c
compiling ./enc/trans/cesu_8.c
compiling ./enc/cp949.c
compiling ./enc/trans/chinese.c
ext/configure-ext.mk updated
configuring -test-/RUBY_ALIGNOF
compiling ./enc/emacs_mule.c
compiling ./enc/euc_jp.c
compiling ./enc/euc_kr.c
compiling ./enc/trans/ebcdic.c
configuring bigdecimal
compiling ./enc/euc_tw.c
configuring cgi/escape
In file included from ./enc/euc_jp.c:503:
enc/jis/props.kwd:40:35: warning: a function declaration without a prototype is deprecated in all versions of C and is treated as a zero-parameter prototype in C2x, conflicting with a subsequent definition [-Wdeprecated-non-prototype]
   40 | static const struct enc_property *onig_jis_property(/*const char *str, unsigned int len*/);
      |                                   ^
enc/jis/props.kwd:146:1: note: conflicting prototype is here
  146 | onig_jis_property (register const char *str, register size_t len)
      | ^
compiling ./enc/gb2312.c
compiling ./enc/gb18030.c
configuring continuation
compiling ./enc/trans/emoji.c
1 warning generated.
compiling ./enc/gbk.c
configuring coverage
configuring date
configuring dbm
configuring digest
configuring digest/bubblebabble
configuring digest/md5
compiling ./enc/iso_8859_1.c
configuring -test-/arith_seq/extract
compiling ./enc/trans/emoji_iso2022_kddi.c
configuring -test-/array/resize
configuring -test-/bignum
configuring -test-/bug-14834
configuring -test-/bug-3571
configuring -test-/bug-5832
configuring -test-/bug_reporter
configuring -test-/class
configuring -test-/cxxanyargs
compiling ./enc/trans/emoji_sjis_docomo.c
compiling ./enc/trans/emoji_sjis_kddi.c
compiling ./enc/iso_8859_2.c
configuring -test-/debug
configuring -test-/dln/empty
configuring -test-/enumerator_kw
configuring -test-/exception
configuring -test-/fatal
configuring -test-/file
compiling ./enc/iso_8859_3.c
configuring digest/rmd160
compiling ./enc/iso_8859_4.c
compiling ./enc/trans/emoji_sjis_softbank.c
compiling ./enc/trans/escape.c
compiling ./enc/trans/gb18030.c
configuring digest/sha1
configuring etc
compiling ./enc/iso_8859_5.c
compiling ./enc/trans/gbk.c
configuring digest/sha2
compiling ./enc/iso_8859_6.c
compiling ./enc/trans/iso2022.c
compiling ./enc/trans/japanese.c
compiling ./enc/iso_8859_7.c
compiling ./enc/trans/japanese_euc.c
compiling ./enc/trans/japanese_sjis.c
compiling ./enc/iso_8859_8.c
configuring fcntl
compiling ./enc/trans/korean.c
compiling ./enc/iso_8859_9.c
compiling ./enc/iso_8859_10.c
configuring fiber
configuring fiddle
compiling ./enc/trans/single_byte.c
compiling ./enc/iso_8859_11.c
compiling ./enc/iso_8859_13.c
compiling ./enc/trans/utf8_mac.c
configuring gdbm
compiling ./enc/iso_8859_14.c
compiling ./enc/iso_8859_15.c
compiling ./enc/trans/utf_16_32.c
linking transcoder transdb.bundle
compiling ./enc/iso_8859_16.c
linking transcoder big5.bundle
compiling ./enc/koi8_r.c
linking transcoder cesu_8.bundle
linking transcoder chinese.bundle
compiling ./enc/koi8_u.c
linking transcoder ebcdic.bundle
linking transcoder emoji.bundle
compiling ./enc/shift_jis.c
configuring -test-/float
configuring -test-/funcall
linking transcoder emoji_iso2022_kddi.bundle
configuring -test-/gvl/call_without_gvl
configuring -test-/hash
configuring io/console
configuring -test-/integer
configuring -test-/iseq_load
configuring -test-/iter
configuring -test-/load/dot.dot
configuring -test-/load/protect
configuring -test-/marshal/compat
configuring -test-/marshal/internal_ivar
configuring -test-/marshal/usr
configuring -test-/memory_status
configuring -test-/memory_view
configuring -test-/method
configuring json
configuring -test-/notimplement
configuring -test-/num2int
configuring json/generator
configuring json/parser
configuring -test-/path_to_class
configuring -test-/popen_deadlock
configuring -test-/postponed_job
configuring -test-/printf
configuring -test-/proc
configuring -test-/random
configuring -test-/rational
configuring -test-/rb_call_super_kw
configuring -test-/recursion
configuring monitor
configuring -test-/regexp
configuring -test-/scan_args
configuring -test-/st/foreach
configuring -test-/st/numhash
In file included from ./enc/shift_jis.c:31:
In file included from ./enc/shift_jis.h:490:
enc/jis/props.kwd:40:35: warning: a function declaration without a prototype is deprecated in all versions of C and is treated as a zero-parameter prototype in C2x, conflicting with a subsequent definition [-Wdeprecated-non-prototype]
   40 | static const struct enc_property *onig_jis_property(/*const char *str, unsigned int len*/);
      |                                   ^
enc/jis/props.kwd:146:1: note: conflicting prototype is here
  146 | onig_jis_property (register const char *str, register size_t len)
      | ^
configuring -test-/st/update
configuring -test-/string
configuring -test-/struct
1 warning generated.
configuring -test-/symbol
configuring nkf
linking transcoder emoji_sjis_docomo.bundle
compiling ./enc/utf_16be.c
header: ndbm.h
library: libc
configuring objspace
configuring openssl
libffi_version: 3.4.0
compiling ./enc/utf_16le.c
linking transcoder emoji_sjis_kddi.bundle
compiling ./enc/utf_32be.c
linking transcoder emoji_sjis_softbank.bundle
compiling ./enc/utf_32le.c
linking transcoder escape.bundle
configuring -test-/thread_fd_close
configuring -test-/time
configuring -test-/tracepoint
configuring -test-/typeddata
configuring -test-/vm
configuring -test-/wait_for_single_fd
compiling ./enc/windows_31j.c
linking transcoder gb18030.bundle
In file included from ./enc/windows_31j.c:32:
In file included from ./enc/shift_jis.h:490:
enc/jis/props.kwd:40:35: warning: a function declaration without a prototype is deprecated in all versions of C and is treated as a zero-parameter prototype in C2x, conflicting with a subsequent definition [-Wdeprecated-non-prototype]
   40 | static const struct enc_property *onig_jis_property(/*const char *str, unsigned int len*/);
      |                                   ^
enc/jis/props.kwd:146:1: note: conflicting prototype is here
  146 | onig_jis_property (register const char *str, register size_t len)
      | ^
linking transcoder gbk.bundle
1 warning generated.
compiling ./enc/windows_1250.c
linking transcoder iso2022.bundle
compiling ./enc/windows_1251.c
linking transcoder japanese.bundle
compiling ./enc/windows_1252.c
linking transcoder japanese_euc.bundle
compiling ./enc/windows_1253.c
linking transcoder japanese_sjis.bundle
linking transcoder korean.bundle
configuring pathname
compiling ./enc/windows_1254.c
configuring psych
configuring pty
linking transcoder single_byte.bundle
compiling ./enc/windows_1257.c
linking transcoder utf8_mac.bundle
linking encoding encdb.bundle
linking transcoder utf_16_32.bundle
linking encoding big5.bundle
configuring racc/cparse
linking encoding cesu_8.bundle
linking encoding cp949.bundle
linking encoding emacs_mule.bundle
linking encoding euc_jp.bundle
linking encoding euc_kr.bundle
linking encoding euc_tw.bundle
linking encoding gb2312.bundle
linking encoding gb18030.bundle
configuring rbconfig/sizeof
linking encoding gbk.bundle
linking encoding iso_8859_1.bundle
configuring readline
linking encoding iso_8859_2.bundle
configuring io/nonblock
linking encoding iso_8859_3.bundle
linking encoding iso_8859_4.bundle
configuring ripper
linking encoding iso_8859_5.bundle
configuring rubyvm
linking encoding iso_8859_6.bundle
linking encoding iso_8859_7.bundle
configuring io/wait
configuring socket
linking encoding iso_8859_8.bundle
linking encoding iso_8859_9.bundle
linking encoding iso_8859_10.bundle
linking encoding iso_8859_11.bundle
linking encoding iso_8859_13.bundle
configuring stringio
linking encoding iso_8859_14.bundle
linking encoding iso_8859_15.bundle
configuring strscan
linking encoding iso_8859_16.bundle
configuring syslog
linking encoding koi8_r.bundle
configuring zlib
linking encoding koi8_u.bundle
linking encoding shift_jis.bundle
linking encoding utf_16be.bundle
linking encoding utf_16le.bundle
linking encoding utf_32be.bundle
linking encoding utf_32le.bundle
linking encoding windows_31j.bundle
linking encoding windows_1250.bundle
linking encoding windows_1251.bundle
linking encoding windows_1252.bundle
linking encoding windows_1253.bundle
linking encoding windows_1254.bundle
linking encoding windows_1257.bundle
making encs
make[1]: Nothing to be done for `encs'.
generating makefile exts.mk
exts.mk updated
compiling bug.c
compiling extract.c
compiling bug.c
compiling class2name.c
compiling cxxanyargs.cpp
compiling c.c
compiling big2str.c
compiling bug-14384.c
compiling bug_reporter.c
compiling resize.c
linking shared-object -test-/bug_5832.bundle
compiling linking shared-object -test-/bug_14834.bundle
linking shared-object -test-/bug_3571.bundle
linking shared-object -test-/arith_seq/extract.bundle
cpp.cpp
compiling init.c
compiling bigzero.c
linking shared-object -test-/array/resize.bundle
linking shared-object -test-/bug_reporter.bundle
linking shared-object -test-/class.bundle
compiling div.c
compiling init.c
compiling empty.c
compiling enumerator_kw.c
compiling init.c
compiling dataerror.c
linking shared-object -test-/RUBY_ALIGNOF.bundle
linking shared-object -test-/dln/empty.bundle
compiling intpack.c
compiling rb_fatal.c
compiling inspector.c
compiling enc_raise.c
linking shared-object -test-/enumerator_kw.bundle
compiling ensured.c
compiling mul.c
compiling init.c
compiling fs.c
linking shared-object -test-/cxxanyargs.bundle
linking shared-object -test-/fatal/rb_fatal.bundle
compiling str2big.c
compiling funcall.c
compiling profile_frames.c
compiling init.c
compiling call_without_gvl.c
compiling nextafter.c
compiling init.c
compiling stat.c
compiling delete.c
compiling core_ext.c
linking shared-object -test-/funcall.bundle
linking shared-object -test-/exception.bundle
linking shared-object -test-/bignum.bundle
linking shared-object -test-/debug.bundle
linking shared-object -test-/float.bundle
linking shared-object -test-/gvl/call_without_gvl.bundle
linking shared-object -test-/file.bundle
compiling iseq_load.c
compiling init.c
compiling init.c
compiling dot.dot.c
compiling break.c
compiling protect.c
compiling usrcompat.c
compiling internal_ivar.c
compiling usrmarshal.c
linking shared-object -test-/load/dot.dot.bundle
linking shared-object -test-/iseq_load.bundle
compiling my_integer.c
compiling memory_status.c
linking shared-object -test-/hash.bundle
compiling init.c
linking shared-object -test-/load/protect.bundle
linking shared-object -test-/marshal/compat.bundle
linking shared-object -test-/marshal/usr.bundle
linking shared-object -test-/marshal/internal_ivar.bundle
compiling memory_view.c
compiling arity.c
compiling bug.c
linking shared-object -test-/integer.bundle
linking shared-object -test-/memory_status.bundle
compiling yield.c
compiling num2int.c
compiling path_to_class.c
compiling printf.c
compiling postponed_job.c
compiling init.c
linking shared-object -test-/notimplement.bundle
compiling init.c
linking shared-object -test-/memory_view.bundle
compiling init.c
linking shared-object -test-/iter.bundle
linking shared-object -test-/path_to_class.bundle
linking shared-object -test-/num2int.bundle
linking shared-object -test-/postponed_job.bundle
linking shared-object -test-/method.bundle
compiling rat.c
compiling receiver.c
compiling rb_call_super_kw.c
compiling recursion.c
compiling loop.c
compiling super.c
compiling init.c
linking shared-object -test-/printf.bundle
compiling parse_depth_limit.c
compiling scan_args.c
linking shared-object -test-/rational.bundle
linking shared-object -test-/recursion.bundle
linking shared-object -test-/rb_call_super_kw.bundle
compiling foreach.c
compiling numhash.c
linking shared-object -test-/proc.bundle
linking shared-object -test-/random.bundle
compiling update.c
linking shared-object -test-/regexp.bundle
compiling capacity.c
compiling duplicate.c
compiling init.c
compiling thread_fd_close.c
linking shared-object -test-/st/update.bundle
compiling coderange.c
linking shared-object -test-/st/numhash.bundle
linking shared-object -test-/st/foreach.bundle
linking shared-object -test-/scan_args.bundle
compiling init.c
compiling cstr.c
compiling type.c
compiling len.c
compiling init.c
linking shared-object -test-/thread_fd_close.bundle
compiling gc_hook.c
compiling ellipsize.c
compiling typeddata.c
compiling at_exit.c
compiling member.c
compiling leap_second.c
compiling new.c
compiling wait_for_single_fd.c
linking shared-object -test-/symbol.bundle
compiling tracepoint.c
compiling bigdecimal.c
compiling enc_associate.c
linking shared-object -test-/struct.bundle
linking shared-object -test-/typeddata.bundle
linking shared-object -test-/vm/at_exit.bundle
compiling escape.c
linking shared-object -test-/time.bundle
bigdecimal.c:249:5: error: 'maybe_unused' attribute cannot be applied to types
  249 |     ENTER(1);
      |     ^
bigdecimal.c:68:33: note: expanded from macro 'ENTER'
   68 | #define ENTER(n) volatile VALUE RB_UNUSED_VAR(vStack[n]);int iStack=0
      |                                 ^
../.././include/ruby/backward/2/attributes.h:168:28: note: expanded from macro 'RB_UNUSED_VAR'
  168 | #define RB_UNUSED_VAR(x) x RBIMPL_ATTR_MAYBE_UNUSED()
      |                            ^
../.././include/ruby/internal/attr/maybe_unused.h:31:39: note: expanded from macro 'RBIMPL_ATTR_MAYBE_UNUSED'
   31 | # define RBIMPL_ATTR_MAYBE_UNUSED() [[maybe_unused]]
      |                                       ^
bigdecimal.c:372:5: error: 'maybe_unused' attribute cannot be applied to types
  372 |     ENTER(1);
      |     ^
bigdecimal.c:68:33: note: expanded from macro 'ENTER'
   68 | #define ENTER(n) volatile VALUE RB_UNUSED_VAR(vStack[n]);int iStack=0
      |                                 ^
../.././include/ruby/backward/2/attributes.h:168:28: note: expanded from macro 'RB_UNUSED_VAR'
  168 | #define RB_UNUSED_VAR(x) x RBIMPL_ATTR_MAYBE_UNUSED()
      |                            ^
../.././include/ruby/internal/attr/maybe_unused.h:31:39: note: expanded from macro 'RBIMPL_ATTR_MAYBE_UNUSED'
   31 | # define RBIMPL_ATTR_MAYBE_UNUSED() [[maybe_unused]]
      |                                       ^
bigdecimal.c:405:5: error: 'maybe_unused' attribute cannot be applied to types
  405 |     ENTER(1);
      |     ^
bigdecimal.c:68:33: note: expanded from macro 'ENTER'
   68 | #define ENTER(n) volatile VALUE RB_UNUSED_VAR(vStack[n]);int iStack=0
      |                                 ^
../.././include/ruby/backward/2/attributes.h:168:28: note: expanded from macro 'RB_UNUSED_VAR'
  168 | #define RB_UNUSED_VAR(x) x RBIMPL_ATTR_MAYBE_UNUSED()
      |                            ^
../.././include/ruby/internal/attr/maybe_unused.h:31:39: note: expanded from macro 'RBIMPL_ATTR_MAYBE_UNUSED'
   31 | # define RBIMPL_ATTR_MAYBE_UNUSED() [[maybe_unused]]
      |                                       ^
bigdecimal.c:456:5: error: 'maybe_unused' attribute cannot be applied to types
  456 |     ENTER(1);
      |     ^
bigdecimal.c:68:33: note: expanded from macro 'ENTER'
   68 | #define ENTER(n) volatile VALUE RB_UNUSED_VAR(vStack[n]);int iStack=0
      |                                 ^
../.././include/ruby/backward/2/attributes.h:168:28: note: expanded from macro 'RB_UNUSED_VAR'
  168 | #define RB_UNUSED_VAR(x) x RBIMPL_ATTR_MAYBE_UNUSED()
      |                            ^
../.././include/ruby/internal/attr/maybe_unused.h:31:39: note: expanded from macro 'RBIMPL_ATTR_MAYBE_UNUSED'
   31 | # define RBIMPL_ATTR_MAYBE_UNUSED() [[maybe_unused]]
      |                                       ^
bigdecimal.c:490:5: error: 'maybe_unused' attribute cannot be applied to types
  490 |     ENTER(1);
      |     ^
bigdecimal.c:68:33: note: expanded from macro 'ENTER'
   68 | #define ENTER(n) volatile VALUE RB_UNUSED_VAR(vStack[n]);int iStack=0
      |                                 ^
../.././include/ruby/backward/2/attributes.h:168:28: note: expanded from macro 'RB_UNUSED_VAR'
  168 | #define RB_UNUSED_VAR(x) x RBIMPL_ATTR_MAYBE_UNUSED()
      |                            ^
../.././include/ruby/internal/attr/maybe_unused.h:31:39: note: expanded from macro 'RBIMPL_ATTR_MAYBE_UNUSED'
   31 | # define RBIMPL_ATTR_MAYBE_UNUSED() [[maybe_unused]]
      |                                       ^
bigdecimal.c:519:5: error: 'maybe_unused' attribute cannot be applied to types
  519 |     ENTER(5);
      |     ^
bigdecimal.c:68:33: note: expanded from macro 'ENTER'
   68 | #define ENTER(n) volatile VALUE RB_UNUSED_VAR(vStack[n]);int iStack=0
      |                                 ^
../.././include/ruby/backward/2/attributes.h:168:28: note: expanded from macro 'RB_UNUSED_VAR'
  168 | #define RB_UNUSED_VAR(x) x RBIMPL_ATTR_MAYBE_UNUSED()
      |                            ^
../.././include/ruby/internal/attr/maybe_unused.h:31:39: note: expanded from macro 'RBIMPL_ATTR_MAYBE_UNUSED'
   31 | # define RBIMPL_ATTR_MAYBE_UNUSED() [[maybe_unused]]
      |                                       ^
bigdecimal.c:541:5: error: 'maybe_unused' attribute cannot be applied to types
  541 |     ENTER(2);
      |     ^
bigdecimal.c:68:33: note: expanded from macro 'ENTER'
   68 | #define ENTER(n) volatile VALUE RB_UNUSED_VAR(vStack[n]);int iStack=0
      |                                 ^
../.././include/ruby/backward/2/attributes.h:168:28: note: expanded from macro 'RB_UNUSED_VAR'
  168 | #define RB_UNUSED_VAR(x) x RBIMPL_ATTR_MAYBE_UNUSED()
      |                            ^
../.././include/ruby/internal/attr/maybe_unused.h:31:39: note: expanded from macro 'RBIMPL_ATTR_MAYBE_UNUSED'
   31 | # define RBIMPL_ATTR_MAYBE_UNUSED() [[maybe_unused]]
      |                                       ^
installing default bigdecimal libraries
bigdecimal.c:861:5: error: 'maybe_unused' attribute cannot be applied to types
  861 |     ENTER(5);
      |     ^
bigdecimal.c:68:33: note: expanded from macro 'ENTER'
   68 | #define ENTER(n) volatile VALUE RB_UNUSED_VAR(vStack[n]);int iStack=0
      |                                 ^
../.././include/ruby/backward/2/attributes.h:168:28: note: expanded from macro 'RB_UNUSED_VAR'
  168 | #define RB_UNUSED_VAR(x) x RBIMPL_ATTR_MAYBE_UNUSED()
      |                            ^
../.././include/ruby/internal/attr/maybe_unused.h:31:39: note: expanded from macro 'RBIMPL_ATTR_MAYBE_UNUSED'
   31 | # define RBIMPL_ATTR_MAYBE_UNUSED() [[maybe_unused]]
      |                                       ^
bigdecimal.c:908:5: error: 'maybe_unused' attribute cannot be applied to types
  908 |     ENTER(1);
      |     ^
bigdecimal.c:68:33: note: expanded from macro 'ENTER'
   68 | #define ENTER(n) volatile VALUE RB_UNUSED_VAR(vStack[n]);int iStack=0
      |                                 ^
../.././include/ruby/backward/2/attributes.h:168:28: note: expanded from macro 'RB_UNUSED_VAR'
  168 | #define RB_UNUSED_VAR(x) x RBIMPL_ATTR_MAYBE_UNUSED()
      |                            ^
../.././include/ruby/internal/attr/maybe_unused.h:31:39: note: expanded from macro 'RBIMPL_ATTR_MAYBE_UNUSED'
   31 | # define RBIMPL_ATTR_MAYBE_UNUSED() [[maybe_unused]]
      |                                       ^
bigdecimal.c:1001:5: error: 'maybe_unused' attribute cannot be applied to types
 1001 |     ENTER(2);
      |     ^
bigdecimal.c:68:33: note: expanded from macro 'ENTER'
   68 | #define ENTER(n) volatile VALUE RB_UNUSED_VAR(vStack[n]);int iStack=0
      |                                 ^
../.././include/ruby/backward/2/attributes.h:168:28: note: expanded from macro 'RB_UNUSED_VAR'
  168 | #define RB_UNUSED_VAR(x) x RBIMPL_ATTR_MAYBE_UNUSED()
      |                            ^
../.././include/ruby/internal/attr/maybe_unused.h:31:39: note: expanded from macro 'RBIMPL_ATTR_MAYBE_UNUSED'
   31 | # define RBIMPL_ATTR_MAYBE_UNUSED() [[maybe_unused]]
      |                                       ^
bigdecimal.c:1058:5: error: 'maybe_unused' attribute cannot be applied to types
 1058 |     ENTER(5);
      |     ^
bigdecimal.c:68:33: note: expanded from macro 'ENTER'
   68 | #define ENTER(n) volatile VALUE RB_UNUSED_VAR(vStack[n]);int iStack=0
      |                                 ^
../.././include/ruby/backward/2/attributes.h:168:28: note: expanded from macro 'RB_UNUSED_VAR'
  168 | #define RB_UNUSED_VAR(x) x RBIMPL_ATTR_MAYBE_UNUSED()
      |                            ^
../.././include/ruby/internal/attr/maybe_unused.h:31:39: note: expanded from macro 'RBIMPL_ATTR_MAYBE_UNUSED'
   31 | # define RBIMPL_ATTR_MAYBE_UNUSED() [[maybe_unused]]
      |                                       ^
linking shared-object -test-/wait_for_single_fd.bundle
bigdecimal.c:1116:5: error: 'maybe_unused' attribute cannot be applied to types
 1116 |     ENTER(5);
      |     ^
bigdecimal.c:68:33: note: expanded from macro 'ENTER'
   68 | #define ENTER(n) volatile VALUE RB_UNUSED_VAR(vStack[n]);int iStack=0
      |                                 ^
../.././include/ruby/backward/2/attributes.h:168:28: note: expanded from macro 'RB_UNUSED_VAR'
  168 | #define RB_UNUSED_VAR(x) x RBIMPL_ATTR_MAYBE_UNUSED()
      |                            ^
../.././include/ruby/internal/attr/maybe_unused.h:31:39: note: expanded from macro 'RBIMPL_ATTR_MAYBE_UNUSED'
   31 | # define RBIMPL_ATTR_MAYBE_UNUSED() [[maybe_unused]]
      |                                       ^
bigdecimal.c:1157:5: error: 'maybe_unused' attribute cannot be applied to types
 1157 |     ENTER(5);
      |     ^
bigdecimal.c:68:33: note: expanded from macro 'ENTER'
   68 | #define ENTER(n) volatile VALUE RB_UNUSED_VAR(vStack[n]);int iStack=0
      |                                 ^
../.././include/ruby/backward/2/attributes.h:168:28: note: expanded from macro 'RB_UNUSED_VAR'
  168 | #define RB_UNUSED_VAR(x) x RBIMPL_ATTR_MAYBE_UNUSED()
      |                            ^
../.././include/ruby/internal/attr/maybe_unused.h:31:39: note: expanded from macro 'RBIMPL_ATTR_MAYBE_UNUSED'
   31 | # define RBIMPL_ATTR_MAYBE_UNUSED() [[maybe_unused]]
      |                                       ^
bigdecimal.c:1353:5: error: 'maybe_unused' attribute cannot be applied to types
 1353 |     ENTER(5);
      |     ^
bigdecimal.c:68:33: note: expanded from macro 'ENTER'
   68 | #define ENTER(n) volatile VALUE RB_UNUSED_VAR(vStack[n]);int iStack=0
      |                                 ^
../.././include/ruby/backward/2/attributes.h:168:28: note: expanded from macro 'RB_UNUSED_VAR'
  168 | #define RB_UNUSED_VAR(x) x RBIMPL_ATTR_MAYBE_UNUSED()
      |                            ^
../.././include/ruby/internal/attr/maybe_unused.h:31:39: note: expanded from macro 'RBIMPL_ATTR_MAYBE_UNUSED'
   31 | # define RBIMPL_ATTR_MAYBE_UNUSED() [[maybe_unused]]
      |                                       ^
bigdecimal.c:1379:5: error: 'maybe_unused' attribute cannot be applied to types
 1379 |     ENTER(5);
      |     ^
bigdecimal.c:68:33: note: expanded from macro 'ENTER'
   68 | #define ENTER(n) volatile VALUE RB_UNUSED_VAR(vStack[n]);int iStack=0
      |                                 ^
../.././include/ruby/backward/2/attributes.h:168:28: note: expanded from macro 'RB_UNUSED_VAR'
  168 | #define RB_UNUSED_VAR(x) x RBIMPL_ATTR_MAYBE_UNUSED()
      |                            ^
../.././include/ruby/internal/attr/maybe_unused.h:31:39: note: expanded from macro 'RBIMPL_ATTR_MAYBE_UNUSED'
   31 | # define RBIMPL_ATTR_MAYBE_UNUSED() [[maybe_unused]]
      |                                       ^
bigdecimal.c:1407:5: error: 'maybe_unused' attribute cannot be applied to types
 1407 |     ENTER(5);
      |     ^
bigdecimal.c:68:33: note: expanded from macro 'ENTER'
   68 | #define ENTER(n) volatile VALUE RB_UNUSED_VAR(vStack[n]);int iStack=0
      |                                 ^
../.././include/ruby/backward/2/attributes.h:168:28: note: expanded from macro 'RB_UNUSED_VAR'
  168 | #define RB_UNUSED_VAR(x) x RBIMPL_ATTR_MAYBE_UNUSED()
      |                            ^
../.././include/ruby/internal/attr/maybe_unused.h:31:39: note: expanded from macro 'RBIMPL_ATTR_MAYBE_UNUSED'
   31 | # define RBIMPL_ATTR_MAYBE_UNUSED() [[maybe_unused]]
      |                                       ^
bigdecimal.c:1449:5: error: 'maybe_unused' attribute cannot be applied to types
 1449 |     ENTER(5);
      |     ^
bigdecimal.c:68:33: note: expanded from macro 'ENTER'
   68 | #define ENTER(n) volatile VALUE RB_UNUSED_VAR(vStack[n]);int iStack=0
      |                                 ^
../.././include/ruby/backward/2/attributes.h:168:28: note: expanded from macro 'RB_UNUSED_VAR'
  168 | #define RB_UNUSED_VAR(x) x RBIMPL_ATTR_MAYBE_UNUSED()
      |                            ^
../.././include/ruby/internal/attr/maybe_unused.h:31:39: note: expanded from macro 'RBIMPL_ATTR_MAYBE_UNUSED'
   31 | # define RBIMPL_ATTR_MAYBE_UNUSED() [[maybe_unused]]
      |                                       ^
bigdecimal.c:1472:5: error: 'maybe_unused' attribute cannot be applied to types
 1472 |     ENTER(8);
      |     ^
bigdecimal.c:68:33: note: expanded from macro 'ENTER'
   68 | #define ENTER(n) volatile VALUE RB_UNUSED_VAR(vStack[n]);int iStack=0
      |                                 ^
../.././include/ruby/backward/2/attributes.h:168:28: note: expanded from macro 'RB_UNUSED_VAR'
  168 | #define RB_UNUSED_VAR(x) x RBIMPL_ATTR_MAYBE_UNUSED()
      |                            ^
../.././include/ruby/internal/attr/maybe_unused.h:31:39: note: expanded from macro 'RBIMPL_ATTR_MAYBE_UNUSED'
   31 | # define RBIMPL_ATTR_MAYBE_UNUSED() [[maybe_unused]]
      |                                       ^
bigdecimal.c:1560:5: error: 'maybe_unused' attribute cannot be applied to types
 1560 |     ENTER(3);
      |     ^
bigdecimal.c:68:33: note: expanded from macro 'ENTER'
   68 | #define ENTER(n) volatile VALUE RB_UNUSED_VAR(vStack[n]);int iStack=0
      |                                 ^
../.././include/ruby/backward/2/attributes.h:168:28: note: expanded from macro 'RB_UNUSED_VAR'
  168 | #define RB_UNUSED_VAR(x) x RBIMPL_ATTR_MAYBE_UNUSED()
      |                            ^
../.././include/ruby/internal/attr/maybe_unused.h:31:39: note: expanded from macro 'RBIMPL_ATTR_MAYBE_UNUSED'
   31 | # define RBIMPL_ATTR_MAYBE_UNUSED() [[maybe_unused]]
      |                                       ^
fatal error: too many errors emitted, stopping now [-ferror-limit=]
compiling enc_str_buf_cat.c
compiling fstring.c
linking shared-object -test-/tracepoint.bundle
compiling continuation.c
20 errors generated.
compiling coverage.c
make[2]: *** [bigdecimal.o] Error 1
make[1]: *** [ext/bigdecimal/all] Error 2
make[1]: *** Waiting for unfinished jobs....
compiling date_core.c
compiling init.c
installing default coverage libraries
compiling date_parse.c
compiling modify.c
compiling date_strftime.c
compiling new.c
compiling nofree.c
linking shared-object cgi/escape.bundle
linking shared-object continuation.bundle
compiling date_strptime.c
In file included from date_parse.c:362:
zonetab.list:6:27: warning: a function declaration without a prototype is deprecated in all versions of C and is treated as a zero-parameter prototype in C2x, conflicting with a subsequent definition [-Wdeprecated-non-prototype]
    6 | static const struct zone *zonetab();
      |                           ^
zonetab.list:774:1: note: conflicting prototype is here
  774 | zonetab (register const char *str, register size_t len)
      | ^
compiling normalize.c
linking shared-object coverage.bundle
installing default date_core libraries
compiling qsort.c
compiling rb_interned_str.c
compiling rb_str_dup.c
compiling set_len.c
linking shared-object -test-/string.bundle
1 warning generated.
linking shared-object date_core.bundle
make: *** [build-ext] Error 2
++ return 2
